<?xml version="1.0" encoding="UTF-8"?>
<!-- Generated by org.testng.reporters.JUnitXMLReporter -->
<testsuite hostname="NGG229" ignored="6" name="Default test" tests="1" failures="0" timestamp="2020-12-13T16:47:52 CET" time="110.889" errors="0">
  <testcase name="select_email_from_the_dynamic_suggestion" time="65.595" classname="Testcases.SendEmail"/>
  <testcase name="no_recepients_added" time="0.0" classname="Testcases.SendEmail">
    <ignored/>
  </testcase> <!-- no_recepients_added -->
  <testcase name="send_email_with_to_address" time="0.0" classname="Testcases.SendEmail">
    <ignored/>
  </testcase> <!-- send_email_with_to_address -->
  <testcase name="schedule_email_to_future_date" time="0.0" classname="Testcases.SendEmail">
    <ignored/>
  </testcase> <!-- schedule_email_to_future_date -->
  <testcase name="send_email_by_inserting_signature" time="0.0" classname="Testcases.SendEmail">
    <ignored/>
  </testcase> <!-- send_email_by_inserting_signature -->
  <testcase name="verify_email_delivery" time="0.0" classname="Testcases.SendEmail">
    <ignored/>
  </testcase> <!-- verify_email_delivery -->
  <testcase name="send_email_with_To_Cc_Bcc_and_attachment" time="0.0" classname="Testcases.SendEmail">
    <ignored/>
  </testcase> <!-- send_email_with_To_Cc_Bcc_and_attachment -->
</testsuite> <!-- Default test -->
